<?xml version="1.0" encoding="UTF-8"?>
<!-- Generated by org.testng.reporters.JUnitXMLReporter -->
<testsuite ignored="65" hostname="DESKTOP-DH3RD78" failures="1" tests="1" name="Default test" time="1.448" errors="0" timestamp="2022-11-30T15:41:24 IST">
  <testcase classname="Automation.Spotify_automation.api" name="get1" time="1.385">
    <failure type="java.lang.IllegalArgumentException" message="Invalid number of path parameters. Expected 0, was 2. Redundant path parameters are: q=remaster%20track:Doxy%20artist:Miles%20Davis, type=track.">
      <![CDATA[java.lang.IllegalArgumentException: Invalid number of path parameters. Expected 0, was 2. Redundant path parameters are: q=remaster%20track:Doxy%20artist:Miles%20Davis, type=track.
at java.base/jdk.internal.reflect.NativeConstructorAccessorImpl.newInstance0(Native Method)
at java.base/jdk.internal.reflect.NativeConstructorAccessorImpl.newInstance(NativeConstructorAccessorImpl.java:78)
at java.base/jdk.internal.reflect.DelegatingConstructorAccessorImpl.newInstance(DelegatingConstructorAccessorImpl.java:45)
at java.base/java.lang.reflect.Constructor.newInstanceWithCaller(Constructor.java:499)
at java.base/java.lang.reflect.Constructor.newInstance(Constructor.java:480)
at org.codehaus.groovy.reflection.CachedConstructor.invoke(CachedConstructor.java:72)
at org.codehaus.groovy.reflection.CachedConstructor.doConstructorInvoke(CachedConstructor.java:59)
at org.codehaus.groovy.runtime.callsite.ConstructorSite$ConstructorSiteNoUnwrap.callConstructor(ConstructorSite.java:84)
at org.codehaus.groovy.runtime.callsite.CallSiteArray.defaultCallConstructor(CallSiteArray.java:59)
at org.codehaus.groovy.runtime.callsite.AbstractCallSite.callConstructor(AbstractCallSite.java:263)
at org.codehaus.groovy.runtime.callsite.AbstractCallSite.callConstructor(AbstractCallSite.java:277)
at io.restassured.internal.RequestSpecificationImpl.assertCorrectNumberOfPathParams(RequestSpecificationImpl.groovy:1262)
at java.base/jdk.internal.reflect.NativeMethodAccessorImpl.invoke0(Native Method)
at java.base/jdk.internal.reflect.NativeMethodAccessorImpl.invoke(NativeMethodAccessorImpl.java:78)
at java.base/jdk.internal.reflect.DelegatingMethodAccessorImpl.invoke(DelegatingMethodAccessorImpl.java:43)
at java.base/java.lang.reflect.Method.invoke(Method.java:567)
at org.codehaus.groovy.reflection.CachedMethod.invoke(CachedMethod.java:107)
at groovy.lang.MetaMethod.doMethodInvoke(MetaMethod.java:323)
at groovy.lang.MetaClassImpl.invokeMethod(MetaClassImpl.java:1268)
at groovy.lang.MetaClassImpl.invokeMethod(MetaClassImpl.java:1035)
at groovy.lang.MetaClassImpl.invokeMethod(MetaClassImpl.java:819)
at groovy.lang.GroovyObject.invokeMethod(GroovyObject.java:39)
at org.codehaus.groovy.runtime.callsite.PogoInterceptableSite.call(PogoInterceptableSite.java:45)
at org.codehaus.groovy.runtime.callsite.PogoInterceptableSite.callCurrent(PogoInterceptableSite.java:55)
at org.codehaus.groovy.runtime.callsite.CallSiteArray.defaultCallCurrent(CallSiteArray.java:51)
at org.codehaus.groovy.runtime.callsite.AbstractCallSite.callCurrent(AbstractCallSite.java:171)
at org.codehaus.groovy.runtime.callsite.AbstractCallSite.callCurrent(AbstractCallSite.java:176)
at io.restassured.internal.RequestSpecificationImpl.sendRequest(RequestSpecificationImpl.groovy:1147)
at java.base/jdk.internal.reflect.NativeMethodAccessorImpl.invoke0(Native Method)
at java.base/jdk.internal.reflect.NativeMethodAccessorImpl.invoke(NativeMethodAccessorImpl.java:78)
at java.base/jdk.internal.reflect.DelegatingMethodAccessorImpl.invoke(DelegatingMethodAccessorImpl.java:43)
at java.base/java.lang.reflect.Method.invoke(Method.java:567)
at org.codehaus.groovy.reflection.CachedMethod.invoke(CachedMethod.java:107)
at groovy.lang.MetaMethod.doMethodInvoke(MetaMethod.java:323)
at groovy.lang.MetaClassImpl.invokeMethod(MetaClassImpl.java:1268)
at groovy.lang.MetaClassImpl.invokeMethod(MetaClassImpl.java:1035)
at groovy.lang.MetaClassImpl.invokeMethod(MetaClassImpl.java:819)
at groovy.lang.GroovyObject.invokeMethod(GroovyObject.java:39)
at org.codehaus.groovy.runtime.callsite.PogoInterceptableSite.call(PogoInterceptableSite.java:45)
at org.codehaus.groovy.runtime.callsite.CallSiteArray.defaultCall(CallSiteArray.java:47)
at org.codehaus.groovy.runtime.callsite.AbstractCallSite.call(AbstractCallSite.java:125)
at org.codehaus.groovy.runtime.callsite.AbstractCallSite.call(AbstractCallSite.java:166)
at io.restassured.internal.filter.SendRequestFilter.filter(SendRequestFilter.groovy:30)
at io.restassured.filter.Filter$filter$0.call(Unknown Source)
at org.codehaus.groovy.runtime.callsite.CallSiteArray.defaultCall(CallSiteArray.java:47)
at io.restassured.filter.Filter$filter.call(Unknown Source)
at io.restassured.internal.filter.FilterContextImpl.next(FilterContextImpl.groovy:72)
at io.restassured.filter.time.TimingFilter.filter(TimingFilter.java:56)
at io.restassured.filter.Filter$filter.call(Unknown Source)
at org.codehaus.groovy.runtime.callsite.CallSiteArray.defaultCall(CallSiteArray.java:47)
at org.codehaus.groovy.runtime.callsite.AbstractCallSite.call(AbstractCallSite.java:125)
at org.codehaus.groovy.runtime.callsite.AbstractCallSite.call(AbstractCallSite.java:157)
at io.restassured.internal.filter.FilterContextImpl.next(FilterContextImpl.groovy:72)
at io.restassured.filter.FilterContext$next.call(Unknown Source)
at org.codehaus.groovy.runtime.callsite.CallSiteArray.defaultCall(CallSiteArray.java:47)
at org.codehaus.groovy.runtime.callsite.AbstractCallSite.call(AbstractCallSite.java:125)
at org.codehaus.groovy.runtime.callsite.AbstractCallSite.call(AbstractCallSite.java:148)
at io.restassured.internal.RequestSpecificationImpl.applyPathParamsAndSendRequest(RequestSpecificationImpl.groovy:1686)
at java.base/jdk.internal.reflect.NativeMethodAccessorImpl.invoke0(Native Method)
at java.base/jdk.internal.reflect.NativeMethodAccessorImpl.invoke(NativeMethodAccessorImpl.java:78)
at java.base/jdk.internal.reflect.DelegatingMethodAccessorImpl.invoke(DelegatingMethodAccessorImpl.java:43)
at java.base/java.lang.reflect.Method.invoke(Method.java:567)
at org.codehaus.groovy.reflection.CachedMethod.invoke(CachedMethod.java:107)
at groovy.lang.MetaMethod.doMethodInvoke(MetaMethod.java:323)
at groovy.lang.MetaClassImpl.invokeMethod(MetaClassImpl.java:1268)
at groovy.lang.MetaClassImpl.invokeMethod(MetaClassImpl.java:1035)
at groovy.lang.MetaClassImpl.invokeMethod(MetaClassImpl.java:819)
at groovy.lang.GroovyObject.invokeMethod(GroovyObject.java:39)
at org.codehaus.groovy.runtime.callsite.PogoInterceptableSite.call(PogoInterceptableSite.java:45)
at org.codehaus.groovy.runtime.callsite.PogoInterceptableSite.callCurrent(PogoInterceptableSite.java:55)
at org.codehaus.groovy.runtime.callsite.CallSiteArray.defaultCallCurrent(CallSiteArray.java:51)
at org.codehaus.groovy.runtime.callsite.AbstractCallSite.callCurrent(AbstractCallSite.java:171)
at org.codehaus.groovy.runtime.callsite.AbstractCallSite.callCurrent(AbstractCallSite.java:203)
at io.restassured.internal.RequestSpecificationImpl.applyPathParamsAndSendRequest(RequestSpecificationImpl.groovy:1692)
at java.base/jdk.internal.reflect.NativeMethodAccessorImpl.invoke0(Native Method)
at java.base/jdk.internal.reflect.NativeMethodAccessorImpl.invoke(NativeMethodAccessorImpl.java:78)
at java.base/jdk.internal.reflect.DelegatingMethodAccessorImpl.invoke(DelegatingMethodAccessorImpl.java:43)
at java.base/java.lang.reflect.Method.invoke(Method.java:567)
at org.codehaus.groovy.reflection.CachedMethod.invoke(CachedMethod.java:107)
at groovy.lang.MetaMethod.doMethodInvoke(MetaMethod.java:323)
at groovy.lang.MetaClassImpl.invokeMethod(MetaClassImpl.java:1268)
at groovy.lang.MetaClassImpl.invokeMethod(MetaClassImpl.java:1035)
at groovy.lang.MetaClassImpl.invokeMethod(MetaClassImpl.java:819)
at groovy.lang.GroovyObject.invokeMethod(GroovyObject.java:39)
at org.codehaus.groovy.runtime.callsite.PogoInterceptableSite.call(PogoInterceptableSite.java:45)
at org.codehaus.groovy.runtime.callsite.PogoInterceptableSite.callCurrent(PogoInterceptableSite.java:55)
at org.codehaus.groovy.runtime.callsite.CallSiteArray.defaultCallCurrent(CallSiteArray.java:51)
at org.codehaus.groovy.runtime.callsite.AbstractCallSite.callCurrent(AbstractCallSite.java:171)
at org.codehaus.groovy.runtime.callsite.AbstractCallSite.callCurrent(AbstractCallSite.java:203)
at io.restassured.internal.RequestSpecificationImpl.get(RequestSpecificationImpl.groovy:176)
at io.restassured.internal.RequestSpecificationImpl.get(RequestSpecificationImpl.groovy)
at Automation.Spotify_automation.api.get1(api.java:631)
at java.base/jdk.internal.reflect.NativeMethodAccessorImpl.invoke0(Native Method)
at java.base/jdk.internal.reflect.NativeMethodAccessorImpl.invoke(NativeMethodAccessorImpl.java:78)
at java.base/jdk.internal.reflect.DelegatingMethodAccessorImpl.invoke(DelegatingMethodAccessorImpl.java:43)
at java.base/java.lang.reflect.Method.invoke(Method.java:567)
at org.testng.internal.MethodInvocationHelper.invokeMethod(MethodInvocationHelper.java:133)
at org.testng.internal.TestInvoker.invokeMethod(TestInvoker.java:598)
at org.testng.internal.TestInvoker.invokeTestMethod(TestInvoker.java:173)
at org.testng.internal.MethodRunner.runInSequence(MethodRunner.java:46)
at org.testng.internal.TestInvoker$MethodInvocationAgent.invoke(TestInvoker.java:824)
at org.testng.internal.TestInvoker.invokeTestMethods(TestInvoker.java:146)
at org.testng.internal.TestMethodWorker.invokeTestMethods(TestMethodWorker.java:146)
at org.testng.internal.TestMethodWorker.run(TestMethodWorker.java:128)
at java.base/java.util.ArrayList.forEach(ArrayList.java:1511)
at org.testng.TestRunner.privateRun(TestRunner.java:794)
at org.testng.TestRunner.run(TestRunner.java:596)
at org.testng.SuiteRunner.runTest(SuiteRunner.java:377)
at org.testng.SuiteRunner.runSequentially(SuiteRunner.java:371)
at org.testng.SuiteRunner.privateRun(SuiteRunner.java:332)
at org.testng.SuiteRunner.run(SuiteRunner.java:276)
at org.testng.SuiteRunnerWorker.runSuite(SuiteRunnerWorker.java:53)
at org.testng.SuiteRunnerWorker.run(SuiteRunnerWorker.java:96)
at org.testng.TestNG.runSuitesSequentially(TestNG.java:1212)
at org.testng.TestNG.runSuitesLocally(TestNG.java:1134)
at org.testng.TestNG.runSuites(TestNG.java:1063)
at org.testng.TestNG.run(TestNG.java:1031)
at org.testng.remote.AbstractRemoteTestNG.run(AbstractRemoteTestNG.java:115)
at org.testng.remote.RemoteTestNG.initAndRun(RemoteTestNG.java:251)
at org.testng.remote.RemoteTestNG.main(RemoteTestNG.java:77)
]]>
    </failure>
  </testcase> <!-- get1 -->
  <testcase classname="Automation.Spotify_automation.api" name="Search_Method" time="0.0">
    <ignored/>
  </testcase> <!-- Search_Method -->
  <testcase classname="Automation.Spotify_automation.api" name="GetSingleBrowseCategory" time="0.0">
    <ignored/>
  </testcase> <!-- GetSingleBrowseCategory -->
  <testcase classname="Automation.Spotify_automation.api" name="GetPlaylist" time="0.0">
    <ignored/>
  </testcase> <!-- GetPlaylist -->
  <testcase classname="Automation.Spotify_automation.api" name="GetaChapter" time="0.0">
    <ignored/>
  </testcase> <!-- GetaChapter -->
  <testcase classname="Automation.Spotify_automation.api" name="GetSeveralShows" time="0.0">
    <ignored/>
  </testcase> <!-- GetSeveralShows -->
  <testcase classname="Automation.Spotify_automation.api" name="GetArtistAlbums" time="0.0">
    <ignored/>
  </testcase> <!-- GetArtistAlbums -->
  <testcase classname="Automation.Spotify_automation.api" name="GetCategorysPlaylists" time="0.0">
    <ignored/>
  </testcase> <!-- GetCategorysPlaylists -->
  <testcase classname="Automation.Spotify_automation.api" name="AddItemtoPlaybackQueue" time="0.0">
    <ignored/>
  </testcase> <!-- AddItemtoPlaybackQueue -->
  <testcase classname="Automation.Spotify_automation.api" name="FollowPlaylist" time="0.0">
    <ignored/>
  </testcase> <!-- FollowPlaylist -->
  <testcase classname="Automation.Spotify_automation.api" name="GetUsersTopItems" time="0.0">
    <ignored/>
  </testcase> <!-- GetUsersTopItems -->
  <testcase classname="Automation.Spotify_automation.api" name="UnfollowArtistsorUsers" time="0.0">
    <ignored/>
  </testcase> <!-- UnfollowArtistsorUsers -->
  <testcase classname="Automation.Spotify_automation.api" name="PausePlayback" time="0.0">
    <ignored/>
  </testcase> <!-- PausePlayback -->
  <testcase classname="Automation.Spotify_automation.api" name="GetAvailableDevices" time="0.0">
    <ignored/>
  </testcase> <!-- GetAvailableDevices -->
  <testcase classname="Automation.Spotify_automation.api" name="GetTracksAudioAnalysis" time="0.0">
    <ignored/>
  </testcase> <!-- GetTracksAudioAnalysis -->
  <testcase classname="Automation.Spotify_automation.api" name="GetTracksAudioFeatures2" time="0.0">
    <ignored/>
  </testcase> <!-- GetTracksAudioFeatures2 -->
  <testcase classname="Automation.Spotify_automation.api" name="GetEpisode" time="0.0">
    <ignored/>
  </testcase> <!-- GetEpisode -->
  <testcase classname="Automation.Spotify_automation.api" name="GetRecommendations" time="0.0">
    <ignored/>
  </testcase> <!-- GetRecommendations -->
  <testcase classname="Automation.Spotify_automation.api" name="GetSeveralTracks" time="0.0">
    <ignored/>
  </testcase> <!-- GetSeveralTracks -->
  <testcase classname="Automation.Spotify_automation.api" name="GetSeveralArtist" time="0.0">
    <ignored/>
  </testcase> <!-- GetSeveralArtist -->
  <testcase classname="Automation.Spotify_automation.api" name="GetSeveralEpisodes" time="0.0">
    <ignored/>
  </testcase> <!-- GetSeveralEpisodes -->
  <testcase classname="Automation.Spotify_automation.api" name="GetanAudiobook" time="0.0">
    <ignored/>
  </testcase> <!-- GetanAudiobook -->
  <testcase classname="Automation.Spotify_automation.api" name="GetFeaturedPlaylists" time="0.0">
    <ignored/>
  </testcase> <!-- GetFeaturedPlaylists -->
  <testcase classname="Automation.Spotify_automation.api" name="TogglePlaybackShuffle" time="0.0">
    <ignored/>
  </testcase> <!-- TogglePlaybackShuffle -->
  <testcase classname="Automation.Spotify_automation.api" name="StartResumePlayback" time="0.0">
    <ignored/>
  </testcase> <!-- StartResumePlayback -->
  <testcase classname="Automation.Spotify_automation.api" name="GetFollowedArtists" time="0.0">
    <ignored/>
  </testcase> <!-- GetFollowedArtists -->
  <testcase classname="Automation.Spotify_automation.api" name="getcurrentuserprofile" time="0.0">
    <ignored/>
  </testcase> <!-- getcurrentuserprofile -->
  <testcase classname="Automation.Spotify_automation.api" name="GetSeveralAlbum" time="0.0">
    <ignored/>
  </testcase> <!-- GetSeveralAlbum -->
  <testcase classname="Automation.Spotify_automation.api" name="GetArtist" time="0.0">
    <ignored/>
  </testcase> <!-- GetArtist -->
  <testcase classname="Automation.Spotify_automation.api" name="GetAvailableGenreSeeds" time="0.0">
    <ignored/>
  </testcase> <!-- GetAvailableGenreSeeds -->
  <testcase classname="Automation.Spotify_automation.api" name="GetCurrentlyPlayingTrack" time="0.0">
    <ignored/>
  </testcase> <!-- GetCurrentlyPlayingTrack -->
  <testcase classname="Automation.Spotify_automation.api" name="SkipToNext" time="0.0">
    <ignored/>
  </testcase> <!-- SkipToNext -->
  <testcase classname="Automation.Spotify_automation.api" name="GetArtistsRelatedArtists" time="0.0">
    <ignored/>
  </testcase> <!-- GetArtistsRelatedArtists -->
  <testcase classname="Automation.Spotify_automation.api" name="RemoveUsersSavedAlbums" time="0.0">
    <ignored/>
  </testcase> <!-- RemoveUsersSavedAlbums -->
  <testcase classname="Automation.Spotify_automation.api" name="GetNewReleases" time="0.0">
    <ignored/>
  </testcase> <!-- GetNewReleases -->
  <testcase classname="Automation.Spotify_automation.api" name="CheckIfUserFollowsArtistsorUsers" time="0.0">
    <ignored/>
  </testcase> <!-- CheckIfUserFollowsArtistsorUsers -->
  <testcase classname="Automation.Spotify_automation.api" name="GetArtistsTopTracks" time="0.0">
    <ignored/>
  </testcase> <!-- GetArtistsTopTracks -->
  <testcase classname="Automation.Spotify_automation.api" name="GetAvailableMarkets" time="0.0">
    <ignored/>
  </testcase> <!-- GetAvailableMarkets -->
  <testcase classname="Automation.Spotify_automation.api" name="TransferPlayback" time="0.0">
    <ignored/>
  </testcase> <!-- TransferPlayback -->
  <testcase classname="Automation.Spotify_automation.api" name="createplaylist" time="0.0">
    <ignored/>
  </testcase> <!-- createplaylist -->
  <testcase classname="Automation.Spotify_automation.api" name="GetAlbumTrack" time="0.0">
    <ignored/>
  </testcase> <!-- GetAlbumTrack -->
  <testcase classname="Automation.Spotify_automation.api" name="GetTracksAudioFeatures" time="0.0">
    <ignored/>
  </testcase> <!-- GetTracksAudioFeatures -->
  <testcase classname="Automation.Spotify_automation.api" name="GetAudiobookChapters" time="0.0">
    <ignored/>
  </testcase> <!-- GetAudiobookChapters -->
  <testcase classname="Automation.Spotify_automation.api" name="GetShow" time="0.0">
    <ignored/>
  </testcase> <!-- GetShow -->
  <testcase classname="Automation.Spotify_automation.api" name="getuserprofile" time="0.0">
    <ignored/>
  </testcase> <!-- getuserprofile -->
  <testcase classname="Automation.Spotify_automation.api" name="GetSeveralAudiobooks" time="0.0">
    <ignored/>
  </testcase> <!-- GetSeveralAudiobooks -->
  <testcase classname="Automation.Spotify_automation.api" name="GettheUsersQueue" time="0.0">
    <ignored/>
  </testcase> <!-- GettheUsersQueue -->
  <testcase classname="Automation.Spotify_automation.api" name="GetTrack" time="0.0">
    <ignored/>
  </testcase> <!-- GetTrack -->
  <testcase classname="Automation.Spotify_automation.api" name="FollowArtistsorUsers" time="0.0">
    <ignored/>
  </testcase> <!-- FollowArtistsorUsers -->
  <testcase classname="Automation.Spotify_automation.api" name="GetRecentlyPlayedTracks" time="0.0">
    <ignored/>
  </testcase> <!-- GetRecentlyPlayedTracks -->
  <testcase classname="Automation.Spotify_automation.api" name="CheckifUsersFollowPlaylist" time="0.0">
    <ignored/>
  </testcase> <!-- CheckifUsersFollowPlaylist -->
  <testcase classname="Automation.Spotify_automation.api" name="GetSeveralBrowseCategories" time="0.0">
    <ignored/>
  </testcase> <!-- GetSeveralBrowseCategories -->
  <testcase classname="Automation.Spotify_automation.api" name="SeekToPosition" time="0.0">
    <ignored/>
  </testcase> <!-- SeekToPosition -->
  <testcase classname="Automation.Spotify_automation.api" name="GetUsersPlaylist" time="0.0">
    <ignored/>
  </testcase> <!-- GetUsersPlaylist -->
  <testcase classname="Automation.Spotify_automation.api" name="UnfollowPlaylist" time="0.0">
    <ignored/>
  </testcase> <!-- UnfollowPlaylist -->
  <testcase classname="Automation.Spotify_automation.api" name="GetPlaylistAlbums" time="0.0">
    <ignored/>
  </testcase> <!-- GetPlaylistAlbums -->
  <testcase classname="Automation.Spotify_automation.api" name="getcurrentuserplaylist" time="0.0">
    <ignored/>
  </testcase> <!-- getcurrentuserplaylist -->
  <testcase classname="Automation.Spotify_automation.api" name="SetPlaybackVolume" time="0.0">
    <ignored/>
  </testcase> <!-- SetPlaybackVolume -->
  <testcase classname="Automation.Spotify_automation.api" name="GetShowEpisodes" time="0.0">
    <ignored/>
  </testcase> <!-- GetShowEpisodes -->
  <testcase classname="Automation.Spotify_automation.api" name="GetPlaybackState" time="0.0">
    <ignored/>
  </testcase> <!-- GetPlaybackState -->
  <testcase classname="Automation.Spotify_automation.api" name="GetSeveralChapters" time="0.0">
    <ignored/>
  </testcase> <!-- GetSeveralChapters -->
  <testcase classname="Automation.Spotify_automation.api" name="GetArtistsAlbums" time="0.0">
    <ignored/>
  </testcase> <!-- GetArtistsAlbums -->
  <testcase classname="Automation.Spotify_automation.api" name="SkipToPrevious" time="0.0">
    <ignored/>
  </testcase> <!-- SkipToPrevious -->
  <testcase classname="Automation.Spotify_automation.api" name="GetPlaylistCoverImage" time="0.0">
    <ignored/>
  </testcase> <!-- GetPlaylistCoverImage -->
  <testcase classname="Automation.Spotify_automation.api" name="GetAlbum" time="0.0">
    <ignored/>
  </testcase> <!-- GetAlbum -->
  <testcase classname="Automation.Spotify_automation.api" name="SetRepeatMode" time="0.0">
    <ignored/>
  </testcase> <!-- SetRepeatMode -->
</testsuite> <!-- Default test -->
